<?xml version="1.0" encoding="UTF-8"?>
<!-- Generated by org.testng.reporters.JUnitXMLReporter -->
<testsuite ignored="0" hostname="suharika" failures="1" tests="2" name="Default test" time="36.702" errors="0" timestamp="2024-03-11T21:52:23 IST">
  <testcase classname="io.cucumber.testng.AbstractTestNGCucumberTests" name="runScenario" time="15.824"/>
  <testcase classname="io.cucumber.testng.AbstractTestNGCucumberTests" name="runScenario" time="20.469">
    <failure type="junit.framework.AssertionFailedError" message="expected:&amp;lt;false&amp;gt; but was:&amp;lt;email is present&amp;gt;">
      <![CDATA[junit.framework.AssertionFailedError: expected:<false> but was:<email is present>
at junit.framework.Assert.fail(Assert.java:57)
at junit.framework.Assert.failNotEquals(Assert.java:329)
at junit.framework.Assert.assertEquals(Assert.java:78)
at junit.framework.Assert.assertEquals(Assert.java:86)
at stepdefinition.stepdef.email_should_be_visible(stepdef.java:90)
at ✽.Email should be visible(file:///D:/EAI/workspace/testcucum/src/main/java/Feature/nop.feature:33)
]]>
    </failure>
  </testcase> <!-- runScenario -->
</testsuite> <!-- Default test -->
