<?xml version="1.0" encoding="UTF-8"?>
<!-- Generated by org.testng.reporters.JUnitXMLReporter -->
<testsuite ignored="0" hostname="suharika" failures="1" tests="1" name="Test" time="4.78" errors="0" timestamp="2024-03-13T22:25:10 IST">
  <testcase classname="io.cucumber.testng.AbstractTestNGCucumberTests" name="runScenario" time="3.911">
    <failure type="java.lang.ClassCastException" message="class TestRunner.TestNG_Runner cannot be cast to class Utilities.commons (TestRunner.TestNG_Runner and Utilities.commons are in unnamed module of loader &amp;apos;app&amp;apos;)">
      <![CDATA[java.lang.ClassCastException: class TestRunner.TestNG_Runner cannot be cast to class Utilities.commons (TestRunner.TestNG_Runner and Utilities.commons are in unnamed module of loader 'app')
at Listeners.TestListeners.onTestSuccess(TestListeners.java:48)
at java.base/java.util.ArrayList.forEach(ArrayList.java:1511)
... Removed 24 stack frames]]>
    </failure>
  </testcase> <!-- runScenario -->
</testsuite> <!-- Test -->
