<?xml version="1.0" encoding="UTF-8"?>
<!-- Generated by org.testng.reporters.JUnitXMLReporter -->
<testsuite ignored="0" hostname="suharika" failures="1" tests="2" name="Test" time="16.872" errors="0" timestamp="2024-03-11T22:38:00 IST">
  <testcase classname="io.cucumber.testng.AbstractTestNGCucumberTests" name="runScenario" time="16.184"/>
  <testcase classname="io.cucumber.testng.AbstractTestNGCucumberTests" name="runScenario" time="16.201">
    <failure type="java.lang.ClassCastException" message="class runner.TestNG_Runner cannot be cast to class utilities.Commons (runner.TestNG_Runner and utilities.Commons are in unnamed module of loader &amp;apos;app&amp;apos;)">
      <![CDATA[java.lang.ClassCastException: class runner.TestNG_Runner cannot be cast to class utilities.Commons (runner.TestNG_Runner and utilities.Commons are in unnamed module of loader 'app')
at listeners.TestListeners.onTestSuccess(TestListeners.java:48)
at java.base/java.util.ArrayList.forEach(ArrayList.java:1511)
... Removed 24 stack frames]]>
    </failure>
  </testcase> <!-- runScenario -->
</testsuite> <!-- Test -->
